<?xml version="1.0" encoding="UTF-8"?>
<!-- Generated by org.testng.reporters.JUnitReportReporter -->
<testsuite hostname="DESKTOP-7RSSMPL" failures="0" tests="1" name="sania.tests.tasks.Task2" time="61.669" errors="0" timestamp="2025-06-09T16:09:53 IST" skipped="0">
  <testcase classname="sania.tests.tasks.Task2" name="amazonPriceTracker" time="61.669"/>
  <system-out/>
</testsuite> <!-- sania.tests.tasks.Task2 -->
