<?xml version="1.0" encoding="UTF-8"?>
<!-- Generated by org.testng.reporters.JUnitReportReporter -->
<testsuite hostname="DESKTOP-7RSSMPL" failures="0" tests="1" name="sania.tests.Task2" time="105.796" errors="0" timestamp="2025-06-05T21:11:35 IST" skipped="0">
  <testcase classname="sania.tests.Task2" name="amazonPriceTracker" time="105.796"/>
  <system-out/>
</testsuite> <!-- sania.tests.Task2 -->
