<?xml version="1.0" encoding="UTF-8"?>
<!-- Generated by org.testng.reporters.JUnitReportReporter -->
<testsuite hostname="DESKTOP-7RSSMPL" failures="0" tests="1" name="sania.tests.tasks.Task1" time="67.713" errors="0" timestamp="2025-06-09T16:09:53 IST" skipped="0">
  <testcase classname="sania.tests.tasks.Task1" name="getUrl" time="67.713"/>
  <system-out/>
</testsuite> <!-- sania.tests.tasks.Task1 -->
