<?xml version="1.0" encoding="UTF-8"?>
<!-- Generated by org.testng.reporters.JUnitReportReporter -->
<testsuite hostname="DESKTOP-7RSSMPL" failures="0" tests="1" name="com.sania.app.app" time="112.334" errors="0" timestamp="2025-05-03T12:06:57 IST" skipped="0">
  <testcase classname="com.sania.app.app" name="sampleTest" time="112.334"/>
</testsuite> <!-- com.sania.app.app -->
