<?xml version="1.0" encoding="UTF-8"?>
<!-- Generated by org.testng.reporters.JUnitReportReporter -->
<testsuite hostname="DESKTOP-7RSSMPL" failures="0" tests="1" name="task00" time="70.987" errors="0" timestamp="2025-05-20T22:29:50 IST" skipped="0">
  <testcase classname="task00" name="sampleTest" time="70.987"/>
  <system-out/>
</testsuite> <!-- task00 -->
