<?xml version="1.0" encoding="UTF-8"?>
<!-- Generated by org.testng.reporters.JUnitReportReporter -->
<testsuite hostname="DESKTOP-7RSSMPL" failures="0" tests="1" name="sania.tests.trainingProject.sam" time="62.215" errors="0" timestamp="2025-06-01T14:54:30 IST" skipped="0">
  <testcase classname="sania.tests.trainingProject.sam" name="loginToAmazon" time="62.215"/>
  <system-out/>
</testsuite> <!-- sania.tests.trainingProject.sam -->
