<?xml version="1.0" encoding="UTF-8"?>
<!-- Generated by org.testng.reporters.JUnitReportReporter -->
<testsuite hostname="DESKTOP-7RSSMPL" failures="0" tests="1" name="com.sania.app.task3" time="295.562" errors="0" timestamp="2025-05-27T12:59:32 IST" skipped="0">
  <testcase classname="com.sania.app.task3" name="clickFilteredProduct" time="295.562"/>
  <system-out/>
</testsuite> <!-- com.sania.app.task3 -->
