<?xml version="1.0" encoding="UTF-8"?>
<!-- Generated by org.testng.reporters.JUnitReportReporter -->
<testsuite hostname="DESKTOP-7RSSMPL" failures="0" tests="1" name="task10" time="134.356" errors="0" timestamp="2025-05-21T12:08:36 IST" skipped="0">
  <testcase classname="task10" name="amazonPriceTracker" time="134.356"/>
  <system-out/>
</testsuite> <!-- task10 -->
