<?xml version="1.0" encoding="UTF-8"?>
<!-- Generated by org.testng.reporters.JUnitReportReporter -->
<testsuite hostname="DESKTOP-7RSSMPL" failures="0" tests="1" name="com.sania.app.task30" time="150.838" errors="0" timestamp="2025-05-24T16:30:10 IST" skipped="0">
  <testcase classname="com.sania.app.task30" name="sample" time="150.838"/>
  <system-out/>
</testsuite> <!-- com.sania.app.task30 -->
