<?xml version="1.0" encoding="UTF-8"?>
<!-- Generated by org.testng.reporters.JUnitReportReporter -->
<testsuite hostname="DESKTOP-7RSSMPL" failures="0" tests="1" name="com.sania.app.Task2" time="148.006" errors="0" timestamp="2025-05-03T20:18:34 IST" skipped="0">
  <testcase classname="com.sania.app.Task2" name="sampleTest" time="148.006"/>
  <system-out/>
</testsuite> <!-- com.sania.app.Task2 -->
