<?xml version="1.0" encoding="UTF-8"?>
<!-- Generated by org.testng.reporters.JUnitReportReporter -->
<testsuite hostname="DESKTOP-7RSSMPL" failures="0" tests="1" name="com.sania.app.task33" time="183.269" errors="0" timestamp="2025-05-26T12:59:19 IST" skipped="0">
  <testcase classname="com.sania.app.task33" name="amazonPriceTracker" time="183.269"/>
  <system-out/>
</testsuite> <!-- com.sania.app.task33 -->
