<?xml version="1.0" encoding="UTF-8"?>
<!-- Generated by org.testng.reporters.JUnitReportReporter -->
<testsuite hostname="DESKTOP-7RSSMPL" failures="0" tests="1" name="sania.tests.tasks.yes" time="258.015" errors="0" timestamp="2025-06-07T20:12:39 IST" skipped="0">
  <testcase classname="sania.tests.tasks.yes" name="clickFilteredProduct" time="258.015"/>
  <system-out/>
</testsuite> <!-- sania.tests.tasks.yes -->
