<?xml version="1.0" encoding="UTF-8"?>
<!-- Generated by org.testng.reporters.JUnitReportReporter -->
<testsuite hostname="DESKTOP-7RSSMPL" failures="0" tests="1" name="sania.tests.Task33" time="117.412" errors="0" timestamp="2025-05-29T17:35:22 IST" skipped="0">
  <testcase classname="sania.tests.Task33" name="clickFilteredProduct" time="117.412"/>
  <system-out/>
</testsuite> <!-- sania.tests.Task33 -->
