<?xml version="1.0" encoding="UTF-8"?>
<!-- Generated by org.testng.reporters.JUnitReportReporter -->
<testsuite hostname="DESKTOP-7RSSMPL" failures="0" tests="1" name="com.sania.app.Task1" time="125.384" errors="0" timestamp="2025-05-20T19:31:56 IST" skipped="0">
  <testcase classname="com.sania.app.Task1" name="sampleTest" time="125.384"/>
  <system-out/>
</testsuite> <!-- com.sania.app.Task1 -->
