<?xml version="1.0" encoding="UTF-8"?>
<!-- Generated by org.testng.reporters.JUnitReportReporter -->
<testsuite hostname="DESKTOP-7RSSMPL" failures="0" tests="1" name="com.sania.app.sampletest" time="127.131" errors="0" timestamp="2025-05-23T19:14:21 IST" skipped="0">
  <testcase classname="com.sania.app.sampletest" name="sampleTest" time="127.131"/>
  <system-out/>
</testsuite> <!-- com.sania.app.sampletest -->
