<?xml version="1.0" encoding="UTF-8"?>
<!-- Generated by org.testng.reporters.JUnitReportReporter -->
<testsuite hostname="DESKTOP-7RSSMPL" failures="0" tests="1" name="com.sania.app.task3struck" time="225.289" errors="0" timestamp="2025-05-23T19:57:24 IST" skipped="0">
  <testcase classname="com.sania.app.task3struck" name="sample" time="225.289"/>
  <system-out/>
</testsuite> <!-- com.sania.app.task3struck -->
