<?xml version="1.0" encoding="UTF-8"?>
<!-- Generated by org.testng.reporters.JUnitReportReporter -->
<testsuite hostname="DESKTOP-7RSSMPL" failures="0" tests="1" name="sania.tests.task20" time="182.777" errors="0" timestamp="2025-05-27T12:21:12 IST" skipped="0">
  <testcase classname="sania.tests.task20" name="amazonPriceTracker" time="182.777"/>
  <system-out/>
</testsuite> <!-- sania.tests.task20 -->
