<?xml version="1.0" encoding="UTF-8"?>
<!-- Generated by org.testng.reporters.JUnitReportReporter -->
<testsuite hostname="DESKTOP-7RSSMPL" failures="0" tests="1" name="sania.tests.Task3" time="170.336" errors="0" timestamp="2025-06-01T15:43:50 IST" skipped="0">
  <testcase classname="sania.tests.Task3" name="clickFilteredProduct" time="170.336"/>
  <system-out/>
</testsuite> <!-- sania.tests.Task3 -->
