<?xml version="1.0" encoding="UTF-8"?>
<!-- Generated by org.testng.reporters.JUnitReportReporter -->
<testsuite hostname="DESKTOP-7RSSMPL" failures="0" tests="1" name="com.sania.app.task2example" time="251.031" errors="0" timestamp="2025-05-27T21:33:38 IST" skipped="0">
  <testcase classname="com.sania.app.task2example" name="sample" time="251.031"/>
  <system-out/>
</testsuite> <!-- com.sania.app.task2example -->
